<?xml version="1.0" encoding="UTF-8"?>
<testsuite name="m2a.RaccoonRouteTest" tests="1" skipped="0" failures="0" errors="0" timestamp="2015-12-28T12:36:55" hostname="Henrys-MacBook-Pro.local" time="0.855">
  <properties/>
  <testcase name="itShouldReceiveAndSendMessage" classname="m2a.RaccoonRouteTest" time="0.855"/>
  <system-out><![CDATA[]]></system-out>
  <system-err><![CDATA[SLF4J: Failed to load class "org.slf4j.impl.StaticLoggerBinder".
SLF4J: Defaulting to no-operation (NOP) logger implementation
SLF4J: See http://www.slf4j.org/codes.html#StaticLoggerBinder for further details.
]]></system-err>
</testsuite>
